01-Nov-2024 15:54:49.318 INFO [main] org.apache.catalina.startup.VersionLoggerListener.log Server version name:   Apache Tomcat/8.5.96
01-Nov-2024 15:54:49.320 INFO [main] org.apache.catalina.startup.VersionLoggerListener.log Server built:          Nov 10 2023 14:56:59 UTC
01-Nov-2024 15:54:49.320 INFO [main] org.apache.catalina.startup.VersionLoggerListener.log Server version number: 8.5.96.0
01-Nov-2024 15:54:49.320 INFO [main] org.apache.catalina.startup.VersionLoggerListener.log OS Name:               Windows 11
01-Nov-2024 15:54:49.320 INFO [main] org.apache.catalina.startup.VersionLoggerListener.log OS Version:            10.0
01-Nov-2024 15:54:49.321 INFO [main] org.apache.catalina.startup.VersionLoggerListener.log Architecture:          amd64
01-Nov-2024 15:54:49.321 INFO [main] org.apache.catalina.startup.VersionLoggerListener.log Java Home:             C:\Program Files\Java\jdk-22
01-Nov-2024 15:54:49.321 INFO [main] org.apache.catalina.startup.VersionLoggerListener.log JVM Version:           22.0.2+9-70
01-Nov-2024 15:54:49.321 INFO [main] org.apache.catalina.startup.VersionLoggerListener.log JVM Vendor:            Oracle Corporation
01-Nov-2024 15:54:49.321 INFO [main] org.apache.catalina.startup.VersionLoggerListener.log CATALINA_BASE:         C:\Users\ADMIN\OneDrive\Máy tính\project\WEB_QLTT_IELTS\.smarttomcat
01-Nov-2024 15:54:49.321 INFO [main] org.apache.catalina.startup.VersionLoggerListener.log CATALINA_HOME:         C:\xampp\tomcat
01-Nov-2024 15:54:49.321 INFO [main] org.apache.catalina.startup.VersionLoggerListener.log Command line argument: --add-opens=java.base/java.lang=ALL-UNNAMED
01-Nov-2024 15:54:49.321 INFO [main] org.apache.catalina.startup.VersionLoggerListener.log Command line argument: --add-opens=java.base/java.io=ALL-UNNAMED
01-Nov-2024 15:54:49.321 INFO [main] org.apache.catalina.startup.VersionLoggerListener.log Command line argument: --add-opens=java.base/java.util=ALL-UNNAMED
01-Nov-2024 15:54:49.321 INFO [main] org.apache.catalina.startup.VersionLoggerListener.log Command line argument: --add-opens=java.base/java.util.concurrent=ALL-UNNAMED
01-Nov-2024 15:54:49.321 INFO [main] org.apache.catalina.startup.VersionLoggerListener.log Command line argument: --add-opens=java.rmi/sun.rmi.transport=ALL-UNNAMED
01-Nov-2024 15:54:49.321 INFO [main] org.apache.catalina.startup.VersionLoggerListener.log Command line argument: -Dcatalina.home=C:\xampp\tomcat
01-Nov-2024 15:54:49.321 INFO [main] org.apache.catalina.startup.VersionLoggerListener.log Command line argument: -Dcatalina.base=C:\Users\ADMIN\OneDrive\Máy tính\project\WEB_QLTT_IELTS\.smarttomcat
01-Nov-2024 15:54:49.322 INFO [main] org.apache.catalina.startup.VersionLoggerListener.log Command line argument: -Djava.io.tmpdir=C:\Users\ADMIN\OneDrive\Máy tính\project\WEB_QLTT_IELTS\.smarttomcat\temp
01-Nov-2024 15:54:49.322 INFO [main] org.apache.catalina.startup.VersionLoggerListener.log Command line argument: -Djava.util.logging.config.file=C:\Users\ADMIN\OneDrive\Máy tính\project\WEB_QLTT_IELTS\.smarttomcat\conf\logging.properties
01-Nov-2024 15:54:49.322 INFO [main] org.apache.catalina.startup.VersionLoggerListener.log Command line argument: -Djava.util.logging.manager=org.apache.juli.ClassLoaderLogManager
01-Nov-2024 15:54:49.322 INFO [main] org.apache.catalina.startup.VersionLoggerListener.log Command line argument: -javaagent:C:\Users\ADMIN\IntelliJ IDEA 2024.2.3\lib\idea_rt.jar=51595:C:\Users\ADMIN\IntelliJ IDEA 2024.2.3\bin
01-Nov-2024 15:54:49.322 INFO [main] org.apache.catalina.startup.VersionLoggerListener.log Command line argument: -Dfile.encoding=UTF-8
01-Nov-2024 15:54:49.322 INFO [main] org.apache.catalina.startup.VersionLoggerListener.log Command line argument: -Dsun.stdout.encoding=UTF-8
01-Nov-2024 15:54:49.322 INFO [main] org.apache.catalina.startup.VersionLoggerListener.log Command line argument: -Dsun.stderr.encoding=UTF-8
01-Nov-2024 15:54:49.322 INFO [main] org.apache.catalina.core.AprLifecycleListener.lifecycleEvent The Apache Tomcat Native library which allows using OpenSSL was not found on the java.library.path: [C:\Program Files\Java\jdk-22\bin;C:\WINDOWS\Sun\Java\bin;C:\WINDOWS\system32;C:\WINDOWS;C:\Program Files\Common Files\Oracle\Java\javapath;C:\Windows\system32;C:\Windows;C:\Windows\System32\Wbem;C:\Windows\System32\WindowsPowerShell\v1.0\;C:\Windows\System32\OpenSSH\;C:\Program Files (x86)\NVIDIA Corporation\PhysX\Common;C:\Program Files\NVIDIA Corporation\NVIDIA NvDLISR;C:\WINDOWS\system32;C:\WINDOWS;C:\WINDOWS\System32\Wbem;C:\WINDOWS\System32\WindowsPowerShell\v1.0\;C:\WINDOWS\System32\OpenSSH\;C:\Program Files (x86)\Microsoft SQL Server\160\DTS\Binn\;D:\git\Git\cmd;C:\Program Files\nodejs\;C:\Users\ADMIN\Downloads\ffmpeg-7.0.1\ffmpeg-7.0.1;C:\Program Files\Docker\Docker\resources\bin\%JAVA_HOME%\bin;C:\Program Files\Azure Data Studio\bin;C:\Users\ADMIN\scoop\shims;C:\Users\ADMIN\AppData\Local\Programs\Python\Python311\Scripts\;C:\Users\ADMIN\AppData\Local\Programs\Python\Python311\;C:\Windows\system32;C:\Windows;C:\Windows\System32\Wbem;C:\Windows\System32\WindowsPowerShell\v1.0\;C:\Windows\System32\OpenSSH\;C:\Program Files (x86)\NVIDIA Corporation\PhysX\Common;C:\Program Files\NVIDIA Corporation\NVIDIA NvDLISR;C:\Users\ADMIN\AppData\Local\Programs\Python\Python38\Scripts\;C:\Users\ADMIN\AppData\Local\Programs\Python\Python38\;C:\Users\ADMIN\AppData\Local\Microsoft\WindowsApps;C:\Python39\Scripts;C:\Python38\Scripts;C:\Users\ADMIN\AppData\Local\Microsoft\WindowsApps;C:\Program Files\Azure Data Studio\bin;C:\Users\ADMIN\AppData\Local\Programs\Microsoft VS Code\bin;%PyCharm Community Edition%;C:\Users\ADMIN\AppData\Roaming\npm;C:\Program Files\nodejs;C:\Program Files\Azure Data Studio\bin;C:\Program Files\Java\jdk-22\bin;;C:\Program Files\Azure Data Studio\bin;.]
01-Nov-2024 15:54:49.366 INFO [main] org.apache.coyote.AbstractProtocol.init Initializing ProtocolHandler ["http-nio-8080"]
01-Nov-2024 15:54:49.384 INFO [main] org.apache.catalina.startup.Catalina.load Initialization processed in 517 ms
01-Nov-2024 15:54:49.429 INFO [main] org.apache.catalina.core.StandardService.startInternal Starting service [Catalina]
01-Nov-2024 15:54:49.429 INFO [main] org.apache.catalina.core.StandardEngine.startInternal Starting Servlet engine: [Apache Tomcat/8.5.96]
01-Nov-2024 15:54:49.440 INFO [localhost-startStop-1] org.apache.catalina.startup.HostConfig.deployDescriptor Deploying deployment descriptor [C:\Users\ADMIN\OneDrive\Máy tính\project\WEB_QLTT_IELTS\.smarttomcat\conf\Catalina\localhost\WEB_QLTT_IELTS.xml]
01-Nov-2024 15:54:50.699 INFO [localhost-startStop-1] org.apache.jasper.servlet.TldScanner.scanJars At least one JAR was scanned for TLDs yet contained no TLDs. Enable debug logging for this logger for a complete list of JARs that were scanned but no TLDs were found in them. Skipping unneeded JARs during scanning can improve startup time and JSP compilation time.
01-Nov-2024 15:54:50.825 INFO [localhost-startStop-1] org.apache.catalina.startup.HostConfig.deployDescriptor Deployment of deployment descriptor [C:\Users\ADMIN\OneDrive\Máy tính\project\WEB_QLTT_IELTS\.smarttomcat\conf\Catalina\localhost\WEB_QLTT_IELTS.xml] has finished in [1,383] ms
01-Nov-2024 15:54:50.827 INFO [main] org.apache.coyote.AbstractProtocol.start Starting ProtocolHandler ["http-nio-8080"]
01-Nov-2024 15:54:50.850 INFO [main] org.apache.catalina.startup.Catalina.start Server startup in 1465 ms
01-Nov-2024 15:57:43.022 INFO [Thread-1] org.apache.coyote.AbstractProtocol.pause Pausing ProtocolHandler ["http-nio-8080"]
01-Nov-2024 15:57:43.024 INFO [Thread-1] org.apache.catalina.core.StandardService.stopInternal Stopping service [Catalina]
01-Nov-2024 15:57:43.033 WARNING [localhost-startStop-2] org.apache.catalina.loader.WebappClassLoaderBase.clearReferencesJdbc The web application [WEB_QLTT_IELTS] registered the JDBC driver [com.mysql.cj.jdbc.Driver] but failed to unregister it when the web application was stopped. To prevent a memory leak, the JDBC Driver has been forcibly unregistered.
01-Nov-2024 15:57:43.033 WARNING [localhost-startStop-2] org.apache.catalina.loader.WebappClassLoaderBase.clearReferencesThreads The web application [WEB_QLTT_IELTS] appears to have started a thread named [mysql-cj-abandoned-connection-cleanup] but has failed to stop it. This is very likely to create a memory leak. Stack trace of thread:
 java.base/jdk.internal.misc.Unsafe.park(Native Method)
 java.base/java.util.concurrent.locks.LockSupport.parkNanos(LockSupport.java:269)
 java.base/java.util.concurrent.locks.AbstractQueuedSynchronizer$ConditionObject.await(AbstractQueuedSynchronizer.java:1847)
 java.base/java.lang.ref.ReferenceQueue.await(ReferenceQueue.java:71)
 java.base/java.lang.ref.ReferenceQueue.remove0(ReferenceQueue.java:143)
 java.base/java.lang.ref.ReferenceQueue.remove(ReferenceQueue.java:218)
 com.mysql.cj.jdbc.AbandonedConnectionCleanupThread.run(AbandonedConnectionCleanupThread.java:84)
 java.base/java.util.concurrent.ThreadPoolExecutor.runWorker(ThreadPoolExecutor.java:1144)
 java.base/java.util.concurrent.ThreadPoolExecutor$Worker.run(ThreadPoolExecutor.java:642)
 java.base/java.lang.Thread.run(Thread.java:1570)
01-Nov-2024 15:57:43.042 INFO [Thread-1] org.apache.coyote.AbstractProtocol.stop Stopping ProtocolHandler ["http-nio-8080"]
01-Nov-2024 15:57:43.060 INFO [Thread-1] org.apache.coyote.AbstractProtocol.destroy Destroying ProtocolHandler ["http-nio-8080"]
01-Nov-2024 16:40:47.808 INFO [main] org.apache.catalina.startup.VersionLoggerListener.log Server version name:   Apache Tomcat/8.5.96
01-Nov-2024 16:40:47.812 INFO [main] org.apache.catalina.startup.VersionLoggerListener.log Server built:          Nov 10 2023 14:56:59 UTC
01-Nov-2024 16:40:47.812 INFO [main] org.apache.catalina.startup.VersionLoggerListener.log Server version number: 8.5.96.0
01-Nov-2024 16:40:47.812 INFO [main] org.apache.catalina.startup.VersionLoggerListener.log OS Name:               Windows 11
01-Nov-2024 16:40:47.812 INFO [main] org.apache.catalina.startup.VersionLoggerListener.log OS Version:            10.0
01-Nov-2024 16:40:47.812 INFO [main] org.apache.catalina.startup.VersionLoggerListener.log Architecture:          amd64
01-Nov-2024 16:40:47.813 INFO [main] org.apache.catalina.startup.VersionLoggerListener.log Java Home:             C:\Program Files\Java\jdk-22
01-Nov-2024 16:40:47.813 INFO [main] org.apache.catalina.startup.VersionLoggerListener.log JVM Version:           22.0.2+9-70
01-Nov-2024 16:40:47.813 INFO [main] org.apache.catalina.startup.VersionLoggerListener.log JVM Vendor:            Oracle Corporation
01-Nov-2024 16:40:47.813 INFO [main] org.apache.catalina.startup.VersionLoggerListener.log CATALINA_BASE:         C:\Users\ADMIN\OneDrive\Máy tính\project\WEB_QLTT_IELTS\.smarttomcat
01-Nov-2024 16:40:47.813 INFO [main] org.apache.catalina.startup.VersionLoggerListener.log CATALINA_HOME:         C:\xampp\tomcat
01-Nov-2024 16:40:47.813 INFO [main] org.apache.catalina.startup.VersionLoggerListener.log Command line argument: --add-opens=java.base/java.lang=ALL-UNNAMED
01-Nov-2024 16:40:47.814 INFO [main] org.apache.catalina.startup.VersionLoggerListener.log Command line argument: --add-opens=java.base/java.io=ALL-UNNAMED
01-Nov-2024 16:40:47.814 INFO [main] org.apache.catalina.startup.VersionLoggerListener.log Command line argument: --add-opens=java.base/java.util=ALL-UNNAMED
01-Nov-2024 16:40:47.814 INFO [main] org.apache.catalina.startup.VersionLoggerListener.log Command line argument: --add-opens=java.base/java.util.concurrent=ALL-UNNAMED
01-Nov-2024 16:40:47.814 INFO [main] org.apache.catalina.startup.VersionLoggerListener.log Command line argument: --add-opens=java.rmi/sun.rmi.transport=ALL-UNNAMED
01-Nov-2024 16:40:47.814 INFO [main] org.apache.catalina.startup.VersionLoggerListener.log Command line argument: -Dcatalina.home=C:\xampp\tomcat
01-Nov-2024 16:40:47.814 INFO [main] org.apache.catalina.startup.VersionLoggerListener.log Command line argument: -Dcatalina.base=C:\Users\ADMIN\OneDrive\Máy tính\project\WEB_QLTT_IELTS\.smarttomcat
01-Nov-2024 16:40:47.814 INFO [main] org.apache.catalina.startup.VersionLoggerListener.log Command line argument: -Djava.io.tmpdir=C:\Users\ADMIN\OneDrive\Máy tính\project\WEB_QLTT_IELTS\.smarttomcat\temp
01-Nov-2024 16:40:47.814 INFO [main] org.apache.catalina.startup.VersionLoggerListener.log Command line argument: -Djava.util.logging.config.file=C:\Users\ADMIN\OneDrive\Máy tính\project\WEB_QLTT_IELTS\.smarttomcat\conf\logging.properties
01-Nov-2024 16:40:47.814 INFO [main] org.apache.catalina.startup.VersionLoggerListener.log Command line argument: -Djava.util.logging.manager=org.apache.juli.ClassLoaderLogManager
01-Nov-2024 16:40:47.814 INFO [main] org.apache.catalina.startup.VersionLoggerListener.log Command line argument: -javaagent:C:\Users\ADMIN\IntelliJ IDEA 2024.2.3\lib\idea_rt.jar=51984:C:\Users\ADMIN\IntelliJ IDEA 2024.2.3\bin
01-Nov-2024 16:40:47.815 INFO [main] org.apache.catalina.startup.VersionLoggerListener.log Command line argument: -Dfile.encoding=UTF-8
01-Nov-2024 16:40:47.815 INFO [main] org.apache.catalina.startup.VersionLoggerListener.log Command line argument: -Dsun.stdout.encoding=UTF-8
01-Nov-2024 16:40:47.815 INFO [main] org.apache.catalina.startup.VersionLoggerListener.log Command line argument: -Dsun.stderr.encoding=UTF-8
01-Nov-2024 16:40:47.815 INFO [main] org.apache.catalina.core.AprLifecycleListener.lifecycleEvent The Apache Tomcat Native library which allows using OpenSSL was not found on the java.library.path: [C:\Program Files\Java\jdk-22\bin;C:\WINDOWS\Sun\Java\bin;C:\WINDOWS\system32;C:\WINDOWS;C:\Program Files\Common Files\Oracle\Java\javapath;C:\Windows\system32;C:\Windows;C:\Windows\System32\Wbem;C:\Windows\System32\WindowsPowerShell\v1.0\;C:\Windows\System32\OpenSSH\;C:\Program Files (x86)\NVIDIA Corporation\PhysX\Common;C:\Program Files\NVIDIA Corporation\NVIDIA NvDLISR;C:\WINDOWS\system32;C:\WINDOWS;C:\WINDOWS\System32\Wbem;C:\WINDOWS\System32\WindowsPowerShell\v1.0\;C:\WINDOWS\System32\OpenSSH\;C:\Program Files (x86)\Microsoft SQL Server\160\DTS\Binn\;D:\git\Git\cmd;C:\Program Files\nodejs\;C:\Users\ADMIN\Downloads\ffmpeg-7.0.1\ffmpeg-7.0.1;C:\Program Files\Docker\Docker\resources\bin\%JAVA_HOME%\bin;C:\Program Files\Azure Data Studio\bin;C:\Users\ADMIN\scoop\shims;C:\Users\ADMIN\AppData\Local\Programs\Python\Python311\Scripts\;C:\Users\ADMIN\AppData\Local\Programs\Python\Python311\;C:\Windows\system32;C:\Windows;C:\Windows\System32\Wbem;C:\Windows\System32\WindowsPowerShell\v1.0\;C:\Windows\System32\OpenSSH\;C:\Program Files (x86)\NVIDIA Corporation\PhysX\Common;C:\Program Files\NVIDIA Corporation\NVIDIA NvDLISR;C:\Users\ADMIN\AppData\Local\Programs\Python\Python38\Scripts\;C:\Users\ADMIN\AppData\Local\Programs\Python\Python38\;C:\Users\ADMIN\AppData\Local\Microsoft\WindowsApps;C:\Python39\Scripts;C:\Python38\Scripts;C:\Users\ADMIN\AppData\Local\Microsoft\WindowsApps;C:\Program Files\Azure Data Studio\bin;C:\Users\ADMIN\AppData\Local\Programs\Microsoft VS Code\bin;%PyCharm Community Edition%;C:\Users\ADMIN\AppData\Roaming\npm;C:\Program Files\nodejs;C:\Program Files\Azure Data Studio\bin;C:\Program Files\Java\jdk-22\bin;;C:\Program Files\Azure Data Studio\bin;.]
01-Nov-2024 16:40:47.866 INFO [main] org.apache.coyote.AbstractProtocol.init Initializing ProtocolHandler ["http-nio-8080"]
01-Nov-2024 16:40:47.886 INFO [main] org.apache.catalina.startup.Catalina.load Initialization processed in 593 ms
01-Nov-2024 16:40:47.934 INFO [main] org.apache.catalina.core.StandardService.startInternal Starting service [Catalina]
01-Nov-2024 16:40:47.935 INFO [main] org.apache.catalina.core.StandardEngine.startInternal Starting Servlet engine: [Apache Tomcat/8.5.96]
01-Nov-2024 16:40:47.948 INFO [localhost-startStop-1] org.apache.catalina.startup.HostConfig.deployDescriptor Deploying deployment descriptor [C:\Users\ADMIN\OneDrive\Máy tính\project\WEB_QLTT_IELTS\.smarttomcat\conf\Catalina\localhost\WEB_QLTT_IELTS.xml]
01-Nov-2024 16:40:49.088 INFO [localhost-startStop-1] org.apache.jasper.servlet.TldScanner.scanJars At least one JAR was scanned for TLDs yet contained no TLDs. Enable debug logging for this logger for a complete list of JARs that were scanned but no TLDs were found in them. Skipping unneeded JARs during scanning can improve startup time and JSP compilation time.
01-Nov-2024 16:40:49.155 INFO [localhost-startStop-1] org.apache.catalina.startup.HostConfig.deployDescriptor Deployment of deployment descriptor [C:\Users\ADMIN\OneDrive\Máy tính\project\WEB_QLTT_IELTS\.smarttomcat\conf\Catalina\localhost\WEB_QLTT_IELTS.xml] has finished in [1,206] ms
01-Nov-2024 16:40:49.156 INFO [main] org.apache.coyote.AbstractProtocol.start Starting ProtocolHandler ["http-nio-8080"]
01-Nov-2024 16:40:49.177 INFO [main] org.apache.catalina.startup.Catalina.start Server startup in 1289 ms
01-Nov-2024 16:41:13.714 INFO [Thread-1] org.apache.coyote.AbstractProtocol.pause Pausing ProtocolHandler ["http-nio-8080"]
01-Nov-2024 16:41:13.716 INFO [Thread-1] org.apache.catalina.core.StandardService.stopInternal Stopping service [Catalina]
01-Nov-2024 16:41:13.723 WARNING [localhost-startStop-2] org.apache.catalina.loader.WebappClassLoaderBase.clearReferencesJdbc The web application [WEB_QLTT_IELTS] registered the JDBC driver [com.mysql.cj.jdbc.Driver] but failed to unregister it when the web application was stopped. To prevent a memory leak, the JDBC Driver has been forcibly unregistered.
01-Nov-2024 16:41:13.723 WARNING [localhost-startStop-2] org.apache.catalina.loader.WebappClassLoaderBase.clearReferencesThreads The web application [WEB_QLTT_IELTS] appears to have started a thread named [mysql-cj-abandoned-connection-cleanup] but has failed to stop it. This is very likely to create a memory leak. Stack trace of thread:
 java.base/jdk.internal.misc.Unsafe.park(Native Method)
 java.base/java.util.concurrent.locks.LockSupport.parkNanos(LockSupport.java:269)
 java.base/java.util.concurrent.locks.AbstractQueuedSynchronizer$ConditionObject.await(AbstractQueuedSynchronizer.java:1847)
 java.base/java.lang.ref.ReferenceQueue.await(ReferenceQueue.java:71)
 java.base/java.lang.ref.ReferenceQueue.remove0(ReferenceQueue.java:143)
 java.base/java.lang.ref.ReferenceQueue.remove(ReferenceQueue.java:218)
 com.mysql.cj.jdbc.AbandonedConnectionCleanupThread.run(AbandonedConnectionCleanupThread.java:84)
 java.base/java.util.concurrent.ThreadPoolExecutor.runWorker(ThreadPoolExecutor.java:1144)
 java.base/java.util.concurrent.ThreadPoolExecutor$Worker.run(ThreadPoolExecutor.java:642)
 java.base/java.lang.Thread.run(Thread.java:1570)
01-Nov-2024 16:41:13.728 INFO [Thread-1] org.apache.coyote.AbstractProtocol.stop Stopping ProtocolHandler ["http-nio-8080"]
01-Nov-2024 16:41:13.740 INFO [Thread-1] org.apache.coyote.AbstractProtocol.destroy Destroying ProtocolHandler ["http-nio-8080"]
01-Nov-2024 16:43:46.544 INFO [main] org.apache.catalina.startup.VersionLoggerListener.log Server version name:   Apache Tomcat/8.5.96
01-Nov-2024 16:43:46.547 INFO [main] org.apache.catalina.startup.VersionLoggerListener.log Server built:          Nov 10 2023 14:56:59 UTC
01-Nov-2024 16:43:46.547 INFO [main] org.apache.catalina.startup.VersionLoggerListener.log Server version number: 8.5.96.0
01-Nov-2024 16:43:46.547 INFO [main] org.apache.catalina.startup.VersionLoggerListener.log OS Name:               Windows 11
01-Nov-2024 16:43:46.547 INFO [main] org.apache.catalina.startup.VersionLoggerListener.log OS Version:            10.0
01-Nov-2024 16:43:46.548 INFO [main] org.apache.catalina.startup.VersionLoggerListener.log Architecture:          amd64
01-Nov-2024 16:43:46.548 INFO [main] org.apache.catalina.startup.VersionLoggerListener.log Java Home:             C:\Program Files\Java\jdk-22
01-Nov-2024 16:43:46.548 INFO [main] org.apache.catalina.startup.VersionLoggerListener.log JVM Version:           22.0.2+9-70
01-Nov-2024 16:43:46.548 INFO [main] org.apache.catalina.startup.VersionLoggerListener.log JVM Vendor:            Oracle Corporation
01-Nov-2024 16:43:46.548 INFO [main] org.apache.catalina.startup.VersionLoggerListener.log CATALINA_BASE:         C:\Users\ADMIN\OneDrive\Máy tính\project\WEB_QLTT_IELTS\.smarttomcat
01-Nov-2024 16:43:46.548 INFO [main] org.apache.catalina.startup.VersionLoggerListener.log CATALINA_HOME:         C:\xampp\tomcat
01-Nov-2024 16:43:46.549 INFO [main] org.apache.catalina.startup.VersionLoggerListener.log Command line argument: --add-opens=java.base/java.lang=ALL-UNNAMED
01-Nov-2024 16:43:46.549 INFO [main] org.apache.catalina.startup.VersionLoggerListener.log Command line argument: --add-opens=java.base/java.io=ALL-UNNAMED
01-Nov-2024 16:43:46.549 INFO [main] org.apache.catalina.startup.VersionLoggerListener.log Command line argument: --add-opens=java.base/java.util=ALL-UNNAMED
01-Nov-2024 16:43:46.549 INFO [main] org.apache.catalina.startup.VersionLoggerListener.log Command line argument: --add-opens=java.base/java.util.concurrent=ALL-UNNAMED
01-Nov-2024 16:43:46.550 INFO [main] org.apache.catalina.startup.VersionLoggerListener.log Command line argument: --add-opens=java.rmi/sun.rmi.transport=ALL-UNNAMED
01-Nov-2024 16:43:46.550 INFO [main] org.apache.catalina.startup.VersionLoggerListener.log Command line argument: -Dcatalina.home=C:\xampp\tomcat
01-Nov-2024 16:43:46.550 INFO [main] org.apache.catalina.startup.VersionLoggerListener.log Command line argument: -Dcatalina.base=C:\Users\ADMIN\OneDrive\Máy tính\project\WEB_QLTT_IELTS\.smarttomcat
01-Nov-2024 16:43:46.550 INFO [main] org.apache.catalina.startup.VersionLoggerListener.log Command line argument: -Djava.io.tmpdir=C:\Users\ADMIN\OneDrive\Máy tính\project\WEB_QLTT_IELTS\.smarttomcat\temp
01-Nov-2024 16:43:46.550 INFO [main] org.apache.catalina.startup.VersionLoggerListener.log Command line argument: -Djava.util.logging.config.file=C:\Users\ADMIN\OneDrive\Máy tính\project\WEB_QLTT_IELTS\.smarttomcat\conf\logging.properties
01-Nov-2024 16:43:46.550 INFO [main] org.apache.catalina.startup.VersionLoggerListener.log Command line argument: -Djava.util.logging.manager=org.apache.juli.ClassLoaderLogManager
01-Nov-2024 16:43:46.550 INFO [main] org.apache.catalina.startup.VersionLoggerListener.log Command line argument: -javaagent:C:\Users\ADMIN\IntelliJ IDEA 2024.2.3\lib\idea_rt.jar=52032:C:\Users\ADMIN\IntelliJ IDEA 2024.2.3\bin
01-Nov-2024 16:43:46.550 INFO [main] org.apache.catalina.startup.VersionLoggerListener.log Command line argument: -Dfile.encoding=UTF-8
01-Nov-2024 16:43:46.550 INFO [main] org.apache.catalina.startup.VersionLoggerListener.log Command line argument: -Dsun.stdout.encoding=UTF-8
01-Nov-2024 16:43:46.551 INFO [main] org.apache.catalina.startup.VersionLoggerListener.log Command line argument: -Dsun.stderr.encoding=UTF-8
01-Nov-2024 16:43:46.551 INFO [main] org.apache.catalina.core.AprLifecycleListener.lifecycleEvent The Apache Tomcat Native library which allows using OpenSSL was not found on the java.library.path: [C:\Program Files\Java\jdk-22\bin;C:\WINDOWS\Sun\Java\bin;C:\WINDOWS\system32;C:\WINDOWS;C:\Program Files\Common Files\Oracle\Java\javapath;C:\Windows\system32;C:\Windows;C:\Windows\System32\Wbem;C:\Windows\System32\WindowsPowerShell\v1.0\;C:\Windows\System32\OpenSSH\;C:\Program Files (x86)\NVIDIA Corporation\PhysX\Common;C:\Program Files\NVIDIA Corporation\NVIDIA NvDLISR;C:\WINDOWS\system32;C:\WINDOWS;C:\WINDOWS\System32\Wbem;C:\WINDOWS\System32\WindowsPowerShell\v1.0\;C:\WINDOWS\System32\OpenSSH\;C:\Program Files (x86)\Microsoft SQL Server\160\DTS\Binn\;D:\git\Git\cmd;C:\Program Files\nodejs\;C:\Users\ADMIN\Downloads\ffmpeg-7.0.1\ffmpeg-7.0.1;C:\Program Files\Docker\Docker\resources\bin\%JAVA_HOME%\bin;C:\Program Files\Azure Data Studio\bin;C:\Users\ADMIN\scoop\shims;C:\Users\ADMIN\AppData\Local\Programs\Python\Python311\Scripts\;C:\Users\ADMIN\AppData\Local\Programs\Python\Python311\;C:\Windows\system32;C:\Windows;C:\Windows\System32\Wbem;C:\Windows\System32\WindowsPowerShell\v1.0\;C:\Windows\System32\OpenSSH\;C:\Program Files (x86)\NVIDIA Corporation\PhysX\Common;C:\Program Files\NVIDIA Corporation\NVIDIA NvDLISR;C:\Users\ADMIN\AppData\Local\Programs\Python\Python38\Scripts\;C:\Users\ADMIN\AppData\Local\Programs\Python\Python38\;C:\Users\ADMIN\AppData\Local\Microsoft\WindowsApps;C:\Python39\Scripts;C:\Python38\Scripts;C:\Users\ADMIN\AppData\Local\Microsoft\WindowsApps;C:\Program Files\Azure Data Studio\bin;C:\Users\ADMIN\AppData\Local\Programs\Microsoft VS Code\bin;%PyCharm Community Edition%;C:\Users\ADMIN\AppData\Roaming\npm;C:\Program Files\nodejs;C:\Program Files\Azure Data Studio\bin;C:\Program Files\Java\jdk-22\bin;;C:\Program Files\Azure Data Studio\bin;.]
01-Nov-2024 16:43:46.596 INFO [main] org.apache.coyote.AbstractProtocol.init Initializing ProtocolHandler ["http-nio-8080"]
01-Nov-2024 16:43:46.613 INFO [main] org.apache.catalina.startup.Catalina.load Initialization processed in 556 ms
01-Nov-2024 16:43:46.653 INFO [main] org.apache.catalina.core.StandardService.startInternal Starting service [Catalina]
01-Nov-2024 16:43:46.653 INFO [main] org.apache.catalina.core.StandardEngine.startInternal Starting Servlet engine: [Apache Tomcat/8.5.96]
01-Nov-2024 16:43:46.663 INFO [localhost-startStop-1] org.apache.catalina.startup.HostConfig.deployDescriptor Deploying deployment descriptor [C:\Users\ADMIN\OneDrive\Máy tính\project\WEB_QLTT_IELTS\.smarttomcat\conf\Catalina\localhost\WEB_QLTT_IELTS.xml]
01-Nov-2024 16:43:47.897 INFO [main] org.apache.catalina.startup.VersionLoggerListener.log Server version name:   Apache Tomcat/8.5.96
01-Nov-2024 16:43:47.900 INFO [main] org.apache.catalina.startup.VersionLoggerListener.log Server built:          Nov 10 2023 14:56:59 UTC
01-Nov-2024 16:43:47.900 INFO [main] org.apache.catalina.startup.VersionLoggerListener.log Server version number: 8.5.96.0
01-Nov-2024 16:43:47.900 INFO [main] org.apache.catalina.startup.VersionLoggerListener.log OS Name:               Windows 11
01-Nov-2024 16:43:47.900 INFO [main] org.apache.catalina.startup.VersionLoggerListener.log OS Version:            10.0
01-Nov-2024 16:43:47.901 INFO [main] org.apache.catalina.startup.VersionLoggerListener.log Architecture:          amd64
01-Nov-2024 16:43:47.901 INFO [main] org.apache.catalina.startup.VersionLoggerListener.log Java Home:             C:\Program Files\Java\jdk-22
01-Nov-2024 16:43:47.901 INFO [main] org.apache.catalina.startup.VersionLoggerListener.log JVM Version:           22.0.2+9-70
01-Nov-2024 16:43:47.901 INFO [main] org.apache.catalina.startup.VersionLoggerListener.log JVM Vendor:            Oracle Corporation
01-Nov-2024 16:43:47.901 INFO [main] org.apache.catalina.startup.VersionLoggerListener.log CATALINA_BASE:         C:\Users\ADMIN\OneDrive\Máy tính\project\WEB_QLTT_IELTS\.smarttomcat
01-Nov-2024 16:43:47.901 INFO [main] org.apache.catalina.startup.VersionLoggerListener.log CATALINA_HOME:         C:\xampp\tomcat
01-Nov-2024 16:43:47.902 INFO [main] org.apache.catalina.startup.VersionLoggerListener.log Command line argument: --add-opens=java.base/java.lang=ALL-UNNAMED
01-Nov-2024 16:43:47.902 INFO [main] org.apache.catalina.startup.VersionLoggerListener.log Command line argument: --add-opens=java.base/java.io=ALL-UNNAMED
01-Nov-2024 16:43:47.902 INFO [main] org.apache.catalina.startup.VersionLoggerListener.log Command line argument: --add-opens=java.base/java.util=ALL-UNNAMED
01-Nov-2024 16:43:47.902 INFO [main] org.apache.catalina.startup.VersionLoggerListener.log Command line argument: --add-opens=java.base/java.util.concurrent=ALL-UNNAMED
01-Nov-2024 16:43:47.903 INFO [main] org.apache.catalina.startup.VersionLoggerListener.log Command line argument: --add-opens=java.rmi/sun.rmi.transport=ALL-UNNAMED
01-Nov-2024 16:43:47.903 INFO [main] org.apache.catalina.startup.VersionLoggerListener.log Command line argument: -Dcatalina.home=C:\xampp\tomcat
01-Nov-2024 16:43:47.903 INFO [main] org.apache.catalina.startup.VersionLoggerListener.log Command line argument: -Dcatalina.base=C:\Users\ADMIN\OneDrive\Máy tính\project\WEB_QLTT_IELTS\.smarttomcat
01-Nov-2024 16:43:47.903 INFO [main] org.apache.catalina.startup.VersionLoggerListener.log Command line argument: -Djava.io.tmpdir=C:\Users\ADMIN\OneDrive\Máy tính\project\WEB_QLTT_IELTS\.smarttomcat\temp
01-Nov-2024 16:43:47.903 INFO [main] org.apache.catalina.startup.VersionLoggerListener.log Command line argument: -Djava.util.logging.config.file=C:\Users\ADMIN\OneDrive\Máy tính\project\WEB_QLTT_IELTS\.smarttomcat\conf\logging.properties
01-Nov-2024 16:43:47.903 INFO [main] org.apache.catalina.startup.VersionLoggerListener.log Command line argument: -Djava.util.logging.manager=org.apache.juli.ClassLoaderLogManager
01-Nov-2024 16:43:47.903 INFO [main] org.apache.catalina.startup.VersionLoggerListener.log Command line argument: -javaagent:C:\Users\ADMIN\IntelliJ IDEA 2024.2.3\lib\idea_rt.jar=52035:C:\Users\ADMIN\IntelliJ IDEA 2024.2.3\bin
01-Nov-2024 16:43:47.903 INFO [main] org.apache.catalina.startup.VersionLoggerListener.log Command line argument: -Dfile.encoding=UTF-8
01-Nov-2024 16:43:47.903 INFO [main] org.apache.catalina.startup.VersionLoggerListener.log Command line argument: -Dsun.stdout.encoding=UTF-8
01-Nov-2024 16:43:47.903 INFO [main] org.apache.catalina.startup.VersionLoggerListener.log Command line argument: -Dsun.stderr.encoding=UTF-8
01-Nov-2024 16:43:47.903 INFO [main] org.apache.catalina.core.AprLifecycleListener.lifecycleEvent The Apache Tomcat Native library which allows using OpenSSL was not found on the java.library.path: [C:\Program Files\Java\jdk-22\bin;C:\WINDOWS\Sun\Java\bin;C:\WINDOWS\system32;C:\WINDOWS;C:\Program Files\Common Files\Oracle\Java\javapath;C:\Windows\system32;C:\Windows;C:\Windows\System32\Wbem;C:\Windows\System32\WindowsPowerShell\v1.0\;C:\Windows\System32\OpenSSH\;C:\Program Files (x86)\NVIDIA Corporation\PhysX\Common;C:\Program Files\NVIDIA Corporation\NVIDIA NvDLISR;C:\WINDOWS\system32;C:\WINDOWS;C:\WINDOWS\System32\Wbem;C:\WINDOWS\System32\WindowsPowerShell\v1.0\;C:\WINDOWS\System32\OpenSSH\;C:\Program Files (x86)\Microsoft SQL Server\160\DTS\Binn\;D:\git\Git\cmd;C:\Program Files\nodejs\;C:\Users\ADMIN\Downloads\ffmpeg-7.0.1\ffmpeg-7.0.1;C:\Program Files\Docker\Docker\resources\bin\%JAVA_HOME%\bin;C:\Program Files\Azure Data Studio\bin;C:\Users\ADMIN\scoop\shims;C:\Users\ADMIN\AppData\Local\Programs\Python\Python311\Scripts\;C:\Users\ADMIN\AppData\Local\Programs\Python\Python311\;C:\Windows\system32;C:\Windows;C:\Windows\System32\Wbem;C:\Windows\System32\WindowsPowerShell\v1.0\;C:\Windows\System32\OpenSSH\;C:\Program Files (x86)\NVIDIA Corporation\PhysX\Common;C:\Program Files\NVIDIA Corporation\NVIDIA NvDLISR;C:\Users\ADMIN\AppData\Local\Programs\Python\Python38\Scripts\;C:\Users\ADMIN\AppData\Local\Programs\Python\Python38\;C:\Users\ADMIN\AppData\Local\Microsoft\WindowsApps;C:\Python39\Scripts;C:\Python38\Scripts;C:\Users\ADMIN\AppData\Local\Microsoft\WindowsApps;C:\Program Files\Azure Data Studio\bin;C:\Users\ADMIN\AppData\Local\Programs\Microsoft VS Code\bin;%PyCharm Community Edition%;C:\Users\ADMIN\AppData\Roaming\npm;C:\Program Files\nodejs;C:\Program Files\Azure Data Studio\bin;C:\Program Files\Java\jdk-22\bin;;C:\Program Files\Azure Data Studio\bin;.]
01-Nov-2024 16:43:47.946 INFO [main] org.apache.coyote.AbstractProtocol.init Initializing ProtocolHandler ["http-nio-8080"]
01-Nov-2024 16:43:47.957 SEVERE [main] org.apache.catalina.core.StandardService.initInternal Failed to initialize connector [Connector["http-nio-8080"]]
	org.apache.catalina.LifecycleException: Protocol handler initialization failed
		at org.apache.catalina.connector.Connector.initInternal(Connector.java:1075)
		at org.apache.catalina.util.LifecycleBase.init(LifecycleBase.java:127)
		at org.apache.catalina.core.StandardService.initInternal(StandardService.java:564)
		at org.apache.catalina.util.LifecycleBase.init(LifecycleBase.java:127)
		at org.apache.catalina.core.StandardServer.initInternal(StandardServer.java:854)
		at org.apache.catalina.util.LifecycleBase.init(LifecycleBase.java:127)
		at org.apache.catalina.startup.Catalina.load(Catalina.java:646)
		at org.apache.catalina.startup.Catalina.load(Catalina.java:669)
		at java.base/jdk.internal.reflect.DirectMethodHandleAccessor.invoke(DirectMethodHandleAccessor.java:103)
		at java.base/java.lang.reflect.Method.invoke(Method.java:580)
		at org.apache.catalina.startup.Bootstrap.load(Bootstrap.java:307)
		at org.apache.catalina.startup.Bootstrap.main(Bootstrap.java:477)
	Caused by: java.net.BindException: Address already in use: bind
		at java.base/sun.nio.ch.Net.bind0(Native Method)
		at java.base/sun.nio.ch.Net.bind(Net.java:565)
		at java.base/sun.nio.ch.ServerSocketChannelImpl.netBind(ServerSocketChannelImpl.java:344)
		at java.base/sun.nio.ch.ServerSocketChannelImpl.bind(ServerSocketChannelImpl.java:301)
		at java.base/sun.nio.ch.ServerSocketAdaptor.bind(ServerSocketAdaptor.java:89)
		at org.apache.tomcat.util.net.NioEndpoint.initServerSocket(NioEndpoint.java:226)
		at org.apache.tomcat.util.net.NioEndpoint.bind(NioEndpoint.java:202)
		at org.apache.tomcat.util.net.AbstractEndpoint.bindWithCleanup(AbstractEndpoint.java:1326)
		at org.apache.tomcat.util.net.AbstractEndpoint.init(AbstractEndpoint.java:1339)
		at org.apache.tomcat.util.net.AbstractJsseEndpoint.init(AbstractJsseEndpoint.java:231)
		at org.apache.coyote.AbstractProtocol.init(AbstractProtocol.java:695)
		at org.apache.coyote.http11.AbstractHttp11Protocol.init(AbstractHttp11Protocol.java:76)
		at org.apache.catalina.connector.Connector.initInternal(Connector.java:1073)
		... 11 more
01-Nov-2024 16:43:47.958 INFO [main] org.apache.catalina.startup.Catalina.load Initialization processed in 597 ms
01-Nov-2024 16:43:48.000 INFO [main] org.apache.catalina.core.StandardService.startInternal Starting service [Catalina]
01-Nov-2024 16:43:48.000 INFO [main] org.apache.catalina.core.StandardEngine.startInternal Starting Servlet engine: [Apache Tomcat/8.5.96]
01-Nov-2024 16:43:48.010 INFO [localhost-startStop-1] org.apache.catalina.startup.HostConfig.deployDescriptor Deploying deployment descriptor [C:\Users\ADMIN\OneDrive\Máy tính\project\WEB_QLTT_IELTS\.smarttomcat\conf\Catalina\localhost\WEB_QLTT_IELTS.xml]
01-Nov-2024 16:43:48.263 INFO [localhost-startStop-1] org.apache.jasper.servlet.TldScanner.scanJars At least one JAR was scanned for TLDs yet contained no TLDs. Enable debug logging for this logger for a complete list of JARs that were scanned but no TLDs were found in them. Skipping unneeded JARs during scanning can improve startup time and JSP compilation time.
01-Nov-2024 16:43:48.347 INFO [localhost-startStop-1] org.apache.catalina.startup.HostConfig.deployDescriptor Deployment of deployment descriptor [C:\Users\ADMIN\OneDrive\Máy tính\project\WEB_QLTT_IELTS\.smarttomcat\conf\Catalina\localhost\WEB_QLTT_IELTS.xml] has finished in [1,683] ms
01-Nov-2024 16:43:48.350 INFO [main] org.apache.coyote.AbstractProtocol.start Starting ProtocolHandler ["http-nio-8080"]
01-Nov-2024 16:43:48.378 INFO [main] org.apache.catalina.startup.Catalina.start Server startup in 1763 ms
01-Nov-2024 16:43:49.122 INFO [localhost-startStop-1] org.apache.jasper.servlet.TldScanner.scanJars At least one JAR was scanned for TLDs yet contained no TLDs. Enable debug logging for this logger for a complete list of JARs that were scanned but no TLDs were found in them. Skipping unneeded JARs during scanning can improve startup time and JSP compilation time.
01-Nov-2024 16:43:49.171 INFO [localhost-startStop-1] org.apache.catalina.startup.HostConfig.deployDescriptor Deployment of deployment descriptor [C:\Users\ADMIN\OneDrive\Máy tính\project\WEB_QLTT_IELTS\.smarttomcat\conf\Catalina\localhost\WEB_QLTT_IELTS.xml] has finished in [1,160] ms
01-Nov-2024 16:43:49.172 INFO [main] org.apache.catalina.startup.Catalina.start Server startup in 1213 ms
01-Nov-2024 16:43:49.177 SEVERE [main] org.apache.catalina.core.StandardServer.await Failed to create server shutdown socket on address [localhost] and port [8005] (base port [8005] and offset [0])
	java.net.BindException: Address already in use: bind
		at java.base/sun.nio.ch.Net.bind0(Native Method)
		at java.base/sun.nio.ch.Net.bind(Net.java:565)
		at java.base/sun.nio.ch.Net.bind(Net.java:554)
		at java.base/sun.nio.ch.NioSocketImpl.bind(NioSocketImpl.java:636)
		at java.base/java.net.ServerSocket.bind(ServerSocket.java:390)
		at java.base/java.net.ServerSocket.<init>(ServerSocket.java:277)
		at org.apache.catalina.core.StandardServer.await(StandardServer.java:444)
		at org.apache.catalina.startup.Catalina.await(Catalina.java:783)
		at org.apache.catalina.startup.Catalina.start(Catalina.java:729)
		at java.base/jdk.internal.reflect.DirectMethodHandleAccessor.invoke(DirectMethodHandleAccessor.java:103)
		at java.base/java.lang.reflect.Method.invoke(Method.java:580)
		at org.apache.catalina.startup.Bootstrap.start(Bootstrap.java:347)
		at org.apache.catalina.startup.Bootstrap.main(Bootstrap.java:478)
01-Nov-2024 16:43:49.178 INFO [main] org.apache.coyote.AbstractProtocol.pause Pausing ProtocolHandler ["http-nio-8080"]
01-Nov-2024 16:43:49.178 INFO [main] org.apache.catalina.core.StandardService.stopInternal Stopping service [Catalina]
01-Nov-2024 16:43:49.186 INFO [main] org.apache.coyote.AbstractProtocol.stop Stopping ProtocolHandler ["http-nio-8080"]
01-Nov-2024 16:43:49.186 INFO [main] org.apache.coyote.AbstractProtocol.destroy Destroying ProtocolHandler ["http-nio-8080"]
01-Nov-2024 16:43:50.985 INFO [Thread-1] org.apache.coyote.AbstractProtocol.pause Pausing ProtocolHandler ["http-nio-8080"]
01-Nov-2024 16:43:50.987 INFO [Thread-1] org.apache.catalina.core.StandardService.stopInternal Stopping service [Catalina]
01-Nov-2024 16:43:51.000 INFO [Thread-1] org.apache.coyote.AbstractProtocol.stop Stopping ProtocolHandler ["http-nio-8080"]
01-Nov-2024 16:43:51.027 INFO [Thread-1] org.apache.coyote.AbstractProtocol.destroy Destroying ProtocolHandler ["http-nio-8080"]
01-Nov-2024 16:43:55.111 INFO [main] org.apache.catalina.startup.VersionLoggerListener.log Server version name:   Apache Tomcat/8.5.96
01-Nov-2024 16:43:55.114 INFO [main] org.apache.catalina.startup.VersionLoggerListener.log Server built:          Nov 10 2023 14:56:59 UTC
01-Nov-2024 16:43:55.115 INFO [main] org.apache.catalina.startup.VersionLoggerListener.log Server version number: 8.5.96.0
01-Nov-2024 16:43:55.115 INFO [main] org.apache.catalina.startup.VersionLoggerListener.log OS Name:               Windows 11
01-Nov-2024 16:43:55.115 INFO [main] org.apache.catalina.startup.VersionLoggerListener.log OS Version:            10.0
01-Nov-2024 16:43:55.115 INFO [main] org.apache.catalina.startup.VersionLoggerListener.log Architecture:          amd64
01-Nov-2024 16:43:55.115 INFO [main] org.apache.catalina.startup.VersionLoggerListener.log Java Home:             C:\Program Files\Java\jdk-22
01-Nov-2024 16:43:55.115 INFO [main] org.apache.catalina.startup.VersionLoggerListener.log JVM Version:           22.0.2+9-70
01-Nov-2024 16:43:55.115 INFO [main] org.apache.catalina.startup.VersionLoggerListener.log JVM Vendor:            Oracle Corporation
01-Nov-2024 16:43:55.115 INFO [main] org.apache.catalina.startup.VersionLoggerListener.log CATALINA_BASE:         C:\Users\ADMIN\OneDrive\Máy tính\project\WEB_QLTT_IELTS\.smarttomcat
01-Nov-2024 16:43:55.115 INFO [main] org.apache.catalina.startup.VersionLoggerListener.log CATALINA_HOME:         C:\xampp\tomcat
01-Nov-2024 16:43:55.116 INFO [main] org.apache.catalina.startup.VersionLoggerListener.log Command line argument: --add-opens=java.base/java.lang=ALL-UNNAMED
01-Nov-2024 16:43:55.116 INFO [main] org.apache.catalina.startup.VersionLoggerListener.log Command line argument: --add-opens=java.base/java.io=ALL-UNNAMED
01-Nov-2024 16:43:55.116 INFO [main] org.apache.catalina.startup.VersionLoggerListener.log Command line argument: --add-opens=java.base/java.util=ALL-UNNAMED
01-Nov-2024 16:43:55.116 INFO [main] org.apache.catalina.startup.VersionLoggerListener.log Command line argument: --add-opens=java.base/java.util.concurrent=ALL-UNNAMED
01-Nov-2024 16:43:55.116 INFO [main] org.apache.catalina.startup.VersionLoggerListener.log Command line argument: --add-opens=java.rmi/sun.rmi.transport=ALL-UNNAMED
01-Nov-2024 16:43:55.116 INFO [main] org.apache.catalina.startup.VersionLoggerListener.log Command line argument: -Dcatalina.home=C:\xampp\tomcat
01-Nov-2024 16:43:55.117 INFO [main] org.apache.catalina.startup.VersionLoggerListener.log Command line argument: -Dcatalina.base=C:\Users\ADMIN\OneDrive\Máy tính\project\WEB_QLTT_IELTS\.smarttomcat
01-Nov-2024 16:43:55.117 INFO [main] org.apache.catalina.startup.VersionLoggerListener.log Command line argument: -Djava.io.tmpdir=C:\Users\ADMIN\OneDrive\Máy tính\project\WEB_QLTT_IELTS\.smarttomcat\temp
01-Nov-2024 16:43:55.117 INFO [main] org.apache.catalina.startup.VersionLoggerListener.log Command line argument: -Djava.util.logging.config.file=C:\Users\ADMIN\OneDrive\Máy tính\project\WEB_QLTT_IELTS\.smarttomcat\conf\logging.properties
01-Nov-2024 16:43:55.117 INFO [main] org.apache.catalina.startup.VersionLoggerListener.log Command line argument: -Djava.util.logging.manager=org.apache.juli.ClassLoaderLogManager
01-Nov-2024 16:43:55.117 INFO [main] org.apache.catalina.startup.VersionLoggerListener.log Command line argument: -javaagent:C:\Users\ADMIN\IntelliJ IDEA 2024.2.3\lib\idea_rt.jar=52040:C:\Users\ADMIN\IntelliJ IDEA 2024.2.3\bin
01-Nov-2024 16:43:55.117 INFO [main] org.apache.catalina.startup.VersionLoggerListener.log Command line argument: -Dfile.encoding=UTF-8
01-Nov-2024 16:43:55.117 INFO [main] org.apache.catalina.startup.VersionLoggerListener.log Command line argument: -Dsun.stdout.encoding=UTF-8
01-Nov-2024 16:43:55.117 INFO [main] org.apache.catalina.startup.VersionLoggerListener.log Command line argument: -Dsun.stderr.encoding=UTF-8
01-Nov-2024 16:43:55.117 INFO [main] org.apache.catalina.core.AprLifecycleListener.lifecycleEvent The Apache Tomcat Native library which allows using OpenSSL was not found on the java.library.path: [C:\Program Files\Java\jdk-22\bin;C:\WINDOWS\Sun\Java\bin;C:\WINDOWS\system32;C:\WINDOWS;C:\Program Files\Common Files\Oracle\Java\javapath;C:\Windows\system32;C:\Windows;C:\Windows\System32\Wbem;C:\Windows\System32\WindowsPowerShell\v1.0\;C:\Windows\System32\OpenSSH\;C:\Program Files (x86)\NVIDIA Corporation\PhysX\Common;C:\Program Files\NVIDIA Corporation\NVIDIA NvDLISR;C:\WINDOWS\system32;C:\WINDOWS;C:\WINDOWS\System32\Wbem;C:\WINDOWS\System32\WindowsPowerShell\v1.0\;C:\WINDOWS\System32\OpenSSH\;C:\Program Files (x86)\Microsoft SQL Server\160\DTS\Binn\;D:\git\Git\cmd;C:\Program Files\nodejs\;C:\Users\ADMIN\Downloads\ffmpeg-7.0.1\ffmpeg-7.0.1;C:\Program Files\Docker\Docker\resources\bin\%JAVA_HOME%\bin;C:\Program Files\Azure Data Studio\bin;C:\Users\ADMIN\scoop\shims;C:\Users\ADMIN\AppData\Local\Programs\Python\Python311\Scripts\;C:\Users\ADMIN\AppData\Local\Programs\Python\Python311\;C:\Windows\system32;C:\Windows;C:\Windows\System32\Wbem;C:\Windows\System32\WindowsPowerShell\v1.0\;C:\Windows\System32\OpenSSH\;C:\Program Files (x86)\NVIDIA Corporation\PhysX\Common;C:\Program Files\NVIDIA Corporation\NVIDIA NvDLISR;C:\Users\ADMIN\AppData\Local\Programs\Python\Python38\Scripts\;C:\Users\ADMIN\AppData\Local\Programs\Python\Python38\;C:\Users\ADMIN\AppData\Local\Microsoft\WindowsApps;C:\Python39\Scripts;C:\Python38\Scripts;C:\Users\ADMIN\AppData\Local\Microsoft\WindowsApps;C:\Program Files\Azure Data Studio\bin;C:\Users\ADMIN\AppData\Local\Programs\Microsoft VS Code\bin;%PyCharm Community Edition%;C:\Users\ADMIN\AppData\Roaming\npm;C:\Program Files\nodejs;C:\Program Files\Azure Data Studio\bin;C:\Program Files\Java\jdk-22\bin;;C:\Program Files\Azure Data Studio\bin;.]
01-Nov-2024 16:43:55.159 INFO [main] org.apache.coyote.AbstractProtocol.init Initializing ProtocolHandler ["http-nio-8080"]
01-Nov-2024 16:43:55.180 INFO [main] org.apache.catalina.startup.Catalina.load Initialization processed in 533 ms
01-Nov-2024 16:43:55.225 INFO [main] org.apache.catalina.core.StandardService.startInternal Starting service [Catalina]
01-Nov-2024 16:43:55.225 INFO [main] org.apache.catalina.core.StandardEngine.startInternal Starting Servlet engine: [Apache Tomcat/8.5.96]
01-Nov-2024 16:43:55.237 INFO [localhost-startStop-1] org.apache.catalina.startup.HostConfig.deployDescriptor Deploying deployment descriptor [C:\Users\ADMIN\OneDrive\Máy tính\project\WEB_QLTT_IELTS\.smarttomcat\conf\Catalina\localhost\WEB_QLTT_IELTS.xml]
01-Nov-2024 16:43:56.254 INFO [localhost-startStop-1] org.apache.jasper.servlet.TldScanner.scanJars At least one JAR was scanned for TLDs yet contained no TLDs. Enable debug logging for this logger for a complete list of JARs that were scanned but no TLDs were found in them. Skipping unneeded JARs during scanning can improve startup time and JSP compilation time.
01-Nov-2024 16:43:56.310 INFO [localhost-startStop-1] org.apache.catalina.startup.HostConfig.deployDescriptor Deployment of deployment descriptor [C:\Users\ADMIN\OneDrive\Máy tính\project\WEB_QLTT_IELTS\.smarttomcat\conf\Catalina\localhost\WEB_QLTT_IELTS.xml] has finished in [1,073] ms
01-Nov-2024 16:43:56.312 INFO [main] org.apache.coyote.AbstractProtocol.start Starting ProtocolHandler ["http-nio-8080"]
01-Nov-2024 16:43:56.329 INFO [main] org.apache.catalina.startup.Catalina.start Server startup in 1146 ms
01-Nov-2024 16:44:19.429 INFO [Thread-1] org.apache.coyote.AbstractProtocol.pause Pausing ProtocolHandler ["http-nio-8080"]
01-Nov-2024 16:44:19.429 INFO [Thread-1] org.apache.catalina.core.StandardService.stopInternal Stopping service [Catalina]
01-Nov-2024 16:44:19.429 WARNING [localhost-startStop-2] org.apache.catalina.loader.WebappClassLoaderBase.clearReferencesJdbc The web application [WEB_QLTT_IELTS] registered the JDBC driver [com.mysql.cj.jdbc.Driver] but failed to unregister it when the web application was stopped. To prevent a memory leak, the JDBC Driver has been forcibly unregistered.
01-Nov-2024 16:44:19.429 WARNING [localhost-startStop-2] org.apache.catalina.loader.WebappClassLoaderBase.clearReferencesThreads The web application [WEB_QLTT_IELTS] appears to have started a thread named [mysql-cj-abandoned-connection-cleanup] but has failed to stop it. This is very likely to create a memory leak. Stack trace of thread:
 java.base/jdk.internal.misc.Unsafe.park(Native Method)
 java.base/java.util.concurrent.locks.LockSupport.parkNanos(LockSupport.java:269)
 java.base/java.util.concurrent.locks.AbstractQueuedSynchronizer$ConditionObject.await(AbstractQueuedSynchronizer.java:1847)
 java.base/java.lang.ref.ReferenceQueue.await(ReferenceQueue.java:71)
 java.base/java.lang.ref.ReferenceQueue.remove0(ReferenceQueue.java:143)
 java.base/java.lang.ref.ReferenceQueue.remove(ReferenceQueue.java:218)
 com.mysql.cj.jdbc.AbandonedConnectionCleanupThread.run(AbandonedConnectionCleanupThread.java:84)
 java.base/java.util.concurrent.ThreadPoolExecutor.runWorker(ThreadPoolExecutor.java:1144)
 java.base/java.util.concurrent.ThreadPoolExecutor$Worker.run(ThreadPoolExecutor.java:642)
 java.base/java.lang.Thread.run(Thread.java:1570)
01-Nov-2024 16:44:19.445 INFO [Thread-1] org.apache.coyote.AbstractProtocol.stop Stopping ProtocolHandler ["http-nio-8080"]
01-Nov-2024 16:44:19.461 INFO [mysql-cj-abandoned-connection-cleanup] org.apache.catalina.loader.WebappClassLoaderBase.checkStateForResourceLoading Illegal access: this web application instance has been stopped already. Could not load []. The following stack trace is thrown for debugging purposes as well as to attempt to terminate the thread which caused the illegal access.
	java.lang.IllegalStateException: Illegal access: this web application instance has been stopped already. Could not load []. The following stack trace is thrown for debugging purposes as well as to attempt to terminate the thread which caused the illegal access.
		at org.apache.catalina.loader.WebappClassLoaderBase.checkStateForResourceLoading(WebappClassLoaderBase.java:1358)
		at org.apache.catalina.loader.WebappClassLoaderBase.getResource(WebappClassLoaderBase.java:990)
		at com.mysql.cj.jdbc.AbandonedConnectionCleanupThread.checkThreadContextClassLoader(AbandonedConnectionCleanupThread.java:116)
		at com.mysql.cj.jdbc.AbandonedConnectionCleanupThread.run(AbandonedConnectionCleanupThread.java:83)
		at java.base/java.util.concurrent.ThreadPoolExecutor.runWorker(ThreadPoolExecutor.java:1144)
		at java.base/java.util.concurrent.ThreadPoolExecutor$Worker.run(ThreadPoolExecutor.java:642)
		at java.base/java.lang.Thread.run(Thread.java:1570)
01-Nov-2024 16:44:19.461 INFO [mysql-cj-abandoned-connection-cleanup] org.apache.catalina.loader.WebappClassLoaderBase.checkStateForResourceLoading Illegal access: this web application instance has been stopped already. Could not load []. The following stack trace is thrown for debugging purposes as well as to attempt to terminate the thread which caused the illegal access.
	java.lang.IllegalStateException: Illegal access: this web application instance has been stopped already. Could not load []. The following stack trace is thrown for debugging purposes as well as to attempt to terminate the thread which caused the illegal access.
		at org.apache.catalina.loader.WebappClassLoaderBase.checkStateForResourceLoading(WebappClassLoaderBase.java:1358)
		at org.apache.catalina.loader.WebappClassLoaderBase.getResource(WebappClassLoaderBase.java:990)
		at com.mysql.cj.jdbc.AbandonedConnectionCleanupThread.checkThreadContextClassLoader(AbandonedConnectionCleanupThread.java:116)
		at com.mysql.cj.jdbc.AbandonedConnectionCleanupThread.run(AbandonedConnectionCleanupThread.java:83)
		at java.base/java.util.concurrent.ThreadPoolExecutor.runWorker(ThreadPoolExecutor.java:1144)
		at java.base/java.util.concurrent.ThreadPoolExecutor$Worker.run(ThreadPoolExecutor.java:642)
		at java.base/java.lang.Thread.run(Thread.java:1570)
01-Nov-2024 16:44:19.461 INFO [mysql-cj-abandoned-connection-cleanup] org.apache.catalina.loader.WebappClassLoaderBase.checkStateForResourceLoading Illegal access: this web application instance has been stopped already. Could not load []. The following stack trace is thrown for debugging purposes as well as to attempt to terminate the thread which caused the illegal access.
	java.lang.IllegalStateException: Illegal access: this web application instance has been stopped already. Could not load []. The following stack trace is thrown for debugging purposes as well as to attempt to terminate the thread which caused the illegal access.
		at org.apache.catalina.loader.WebappClassLoaderBase.checkStateForResourceLoading(WebappClassLoaderBase.java:1358)
		at org.apache.catalina.loader.WebappClassLoaderBase.getResource(WebappClassLoaderBase.java:990)
		at com.mysql.cj.jdbc.AbandonedConnectionCleanupThread.checkThreadContextClassLoader(AbandonedConnectionCleanupThread.java:116)
		at com.mysql.cj.jdbc.AbandonedConnectionCleanupThread.run(AbandonedConnectionCleanupThread.java:83)
		at java.base/java.util.concurrent.ThreadPoolExecutor.runWorker(ThreadPoolExecutor.java:1144)
		at java.base/java.util.concurrent.ThreadPoolExecutor$Worker.run(ThreadPoolExecutor.java:642)
		at java.base/java.lang.Thread.run(Thread.java:1570)
01-Nov-2024 16:44:19.461 INFO [Thread-1] org.apache.coyote.AbstractProtocol.destroy Destroying ProtocolHandler ["http-nio-8080"]
01-Nov-2024 16:44:19.461 INFO [mysql-cj-abandoned-connection-cleanup] org.apache.catalina.loader.WebappClassLoaderBase.checkStateForResourceLoading Illegal access: this web application instance has been stopped already. Could not load []. The following stack trace is thrown for debugging purposes as well as to attempt to terminate the thread which caused the illegal access.
	java.lang.IllegalStateException: Illegal access: this web application instance has been stopped already. Could not load []. The following stack trace is thrown for debugging purposes as well as to attempt to terminate the thread which caused the illegal access.
		at org.apache.catalina.loader.WebappClassLoaderBase.checkStateForResourceLoading(WebappClassLoaderBase.java:1358)
		at org.apache.catalina.loader.WebappClassLoaderBase.getResource(WebappClassLoaderBase.java:990)
		at com.mysql.cj.jdbc.AbandonedConnectionCleanupThread.checkThreadContextClassLoader(AbandonedConnectionCleanupThread.java:116)
		at com.mysql.cj.jdbc.AbandonedConnectionCleanupThread.run(AbandonedConnectionCleanupThread.java:83)
		at java.base/java.util.concurrent.ThreadPoolExecutor.runWorker(ThreadPoolExecutor.java:1144)
		at java.base/java.util.concurrent.ThreadPoolExecutor$Worker.run(ThreadPoolExecutor.java:642)
		at java.base/java.lang.Thread.run(Thread.java:1570)
01-Nov-2024 16:44:19.476 INFO [mysql-cj-abandoned-connection-cleanup] org.apache.catalina.loader.WebappClassLoaderBase.checkStateForResourceLoading Illegal access: this web application instance has been stopped already. Could not load []. The following stack trace is thrown for debugging purposes as well as to attempt to terminate the thread which caused the illegal access.
	java.lang.IllegalStateException: Illegal access: this web application instance has been stopped already. Could not load []. The following stack trace is thrown for debugging purposes as well as to attempt to terminate the thread which caused the illegal access.
		at org.apache.catalina.loader.WebappClassLoaderBase.checkStateForResourceLoading(WebappClassLoaderBase.java:1358)
		at org.apache.catalina.loader.WebappClassLoaderBase.getResource(WebappClassLoaderBase.java:990)
		at com.mysql.cj.jdbc.AbandonedConnectionCleanupThread.checkThreadContextClassLoader(AbandonedConnectionCleanupThread.java:116)
		at com.mysql.cj.jdbc.AbandonedConnectionCleanupThread.run(AbandonedConnectionCleanupThread.java:83)
		at java.base/java.util.concurrent.ThreadPoolExecutor.runWorker(ThreadPoolExecutor.java:1144)
		at java.base/java.util.concurrent.ThreadPoolExecutor$Worker.run(ThreadPoolExecutor.java:642)
		at java.base/java.lang.Thread.run(Thread.java:1570)
01-Nov-2024 16:44:19.476 INFO [mysql-cj-abandoned-connection-cleanup] org.apache.catalina.loader.WebappClassLoaderBase.checkStateForResourceLoading Illegal access: this web application instance has been stopped already. Could not load []. The following stack trace is thrown for debugging purposes as well as to attempt to terminate the thread which caused the illegal access.
	java.lang.IllegalStateException: Illegal access: this web application instance has been stopped already. Could not load []. The following stack trace is thrown for debugging purposes as well as to attempt to terminate the thread which caused the illegal access.
		at org.apache.catalina.loader.WebappClassLoaderBase.checkStateForResourceLoading(WebappClassLoaderBase.java:1358)
		at org.apache.catalina.loader.WebappClassLoaderBase.getResource(WebappClassLoaderBase.java:990)
		at com.mysql.cj.jdbc.AbandonedConnectionCleanupThread.checkThreadContextClassLoader(AbandonedConnectionCleanupThread.java:116)
		at com.mysql.cj.jdbc.AbandonedConnectionCleanupThread.run(AbandonedConnectionCleanupThread.java:83)
		at java.base/java.util.concurrent.ThreadPoolExecutor.runWorker(ThreadPoolExecutor.java:1144)
		at java.base/java.util.concurrent.ThreadPoolExecutor$Worker.run(ThreadPoolExecutor.java:642)
		at java.base/java.lang.Thread.run(Thread.java:1570)
01-Nov-2024 16:44:19.476 INFO [mysql-cj-abandoned-connection-cleanup] org.apache.catalina.loader.WebappClassLoaderBase.checkStateForResourceLoading Illegal access: this web application instance has been stopped already. Could not load []. The following stack trace is thrown for debugging purposes as well as to attempt to terminate the thread which caused the illegal access.
	java.lang.IllegalStateException: Illegal access: this web application instance has been stopped already. Could not load []. The following stack trace is thrown for debugging purposes as well as to attempt to terminate the thread which caused the illegal access.
		at org.apache.catalina.loader.WebappClassLoaderBase.checkStateForResourceLoading(WebappClassLoaderBase.java:1358)
		at org.apache.catalina.loader.WebappClassLoaderBase.getResource(WebappClassLoaderBase.java:990)
		at com.mysql.cj.jdbc.AbandonedConnectionCleanupThread.checkThreadContextClassLoader(AbandonedConnectionCleanupThread.java:116)
		at com.mysql.cj.jdbc.AbandonedConnectionCleanupThread.run(AbandonedConnectionCleanupThread.java:83)
		at java.base/java.util.concurrent.ThreadPoolExecutor.runWorker(ThreadPoolExecutor.java:1144)
		at java.base/java.util.concurrent.ThreadPoolExecutor$Worker.run(ThreadPoolExecutor.java:642)
		at java.base/java.lang.Thread.run(Thread.java:1570)
01-Nov-2024 16:44:19.476 INFO [mysql-cj-abandoned-connection-cleanup] org.apache.catalina.loader.WebappClassLoaderBase.checkStateForResourceLoading Illegal access: this web application instance has been stopped already. Could not load []. The following stack trace is thrown for debugging purposes as well as to attempt to terminate the thread which caused the illegal access.
	java.lang.IllegalStateException: Illegal access: this web application instance has been stopped already. Could not load []. The following stack trace is thrown for debugging purposes as well as to attempt to terminate the thread which caused the illegal access.
		at org.apache.catalina.loader.WebappClassLoaderBase.checkStateForResourceLoading(WebappClassLoaderBase.java:1358)
		at org.apache.catalina.loader.WebappClassLoaderBase.getResource(WebappClassLoaderBase.java:990)
		at com.mysql.cj.jdbc.AbandonedConnectionCleanupThread.checkThreadContextClassLoader(AbandonedConnectionCleanupThread.java:116)
		at com.mysql.cj.jdbc.AbandonedConnectionCleanupThread.run(AbandonedConnectionCleanupThread.java:83)
		at java.base/java.util.concurrent.ThreadPoolExecutor.runWorker(ThreadPoolExecutor.java:1144)
		at java.base/java.util.concurrent.ThreadPoolExecutor$Worker.run(ThreadPoolExecutor.java:642)
		at java.base/java.lang.Thread.run(Thread.java:1570)
01-Nov-2024 16:44:29.835 INFO [main] org.apache.catalina.startup.VersionLoggerListener.log Server version name:   Apache Tomcat/8.5.96
01-Nov-2024 16:44:29.839 INFO [main] org.apache.catalina.startup.VersionLoggerListener.log Server built:          Nov 10 2023 14:56:59 UTC
01-Nov-2024 16:44:29.839 INFO [main] org.apache.catalina.startup.VersionLoggerListener.log Server version number: 8.5.96.0
01-Nov-2024 16:44:29.839 INFO [main] org.apache.catalina.startup.VersionLoggerListener.log OS Name:               Windows 11
01-Nov-2024 16:44:29.839 INFO [main] org.apache.catalina.startup.VersionLoggerListener.log OS Version:            10.0
01-Nov-2024 16:44:29.839 INFO [main] org.apache.catalina.startup.VersionLoggerListener.log Architecture:          amd64
01-Nov-2024 16:44:29.839 INFO [main] org.apache.catalina.startup.VersionLoggerListener.log Java Home:             C:\Program Files\Java\jdk-22
01-Nov-2024 16:44:29.840 INFO [main] org.apache.catalina.startup.VersionLoggerListener.log JVM Version:           22.0.2+9-70
01-Nov-2024 16:44:29.840 INFO [main] org.apache.catalina.startup.VersionLoggerListener.log JVM Vendor:            Oracle Corporation
01-Nov-2024 16:44:29.840 INFO [main] org.apache.catalina.startup.VersionLoggerListener.log CATALINA_BASE:         C:\Users\ADMIN\OneDrive\Máy tính\project\WEB_QLTT_IELTS\.smarttomcat
01-Nov-2024 16:44:29.840 INFO [main] org.apache.catalina.startup.VersionLoggerListener.log CATALINA_HOME:         C:\xampp\tomcat
01-Nov-2024 16:44:29.840 INFO [main] org.apache.catalina.startup.VersionLoggerListener.log Command line argument: --add-opens=java.base/java.lang=ALL-UNNAMED
01-Nov-2024 16:44:29.841 INFO [main] org.apache.catalina.startup.VersionLoggerListener.log Command line argument: --add-opens=java.base/java.io=ALL-UNNAMED
01-Nov-2024 16:44:29.841 INFO [main] org.apache.catalina.startup.VersionLoggerListener.log Command line argument: --add-opens=java.base/java.util=ALL-UNNAMED
01-Nov-2024 16:44:29.841 INFO [main] org.apache.catalina.startup.VersionLoggerListener.log Command line argument: --add-opens=java.base/java.util.concurrent=ALL-UNNAMED
01-Nov-2024 16:44:29.841 INFO [main] org.apache.catalina.startup.VersionLoggerListener.log Command line argument: --add-opens=java.rmi/sun.rmi.transport=ALL-UNNAMED
01-Nov-2024 16:44:29.841 INFO [main] org.apache.catalina.startup.VersionLoggerListener.log Command line argument: -Dcatalina.home=C:\xampp\tomcat
01-Nov-2024 16:44:29.841 INFO [main] org.apache.catalina.startup.VersionLoggerListener.log Command line argument: -Dcatalina.base=C:\Users\ADMIN\OneDrive\Máy tính\project\WEB_QLTT_IELTS\.smarttomcat
01-Nov-2024 16:44:29.842 INFO [main] org.apache.catalina.startup.VersionLoggerListener.log Command line argument: -Djava.io.tmpdir=C:\Users\ADMIN\OneDrive\Máy tính\project\WEB_QLTT_IELTS\.smarttomcat\temp
01-Nov-2024 16:44:29.842 INFO [main] org.apache.catalina.startup.VersionLoggerListener.log Command line argument: -Djava.util.logging.config.file=C:\Users\ADMIN\OneDrive\Máy tính\project\WEB_QLTT_IELTS\.smarttomcat\conf\logging.properties
01-Nov-2024 16:44:29.842 INFO [main] org.apache.catalina.startup.VersionLoggerListener.log Command line argument: -Djava.util.logging.manager=org.apache.juli.ClassLoaderLogManager
01-Nov-2024 16:44:29.842 INFO [main] org.apache.catalina.startup.VersionLoggerListener.log Command line argument: -javaagent:C:\Users\ADMIN\IntelliJ IDEA 2024.2.3\lib\idea_rt.jar=52080:C:\Users\ADMIN\IntelliJ IDEA 2024.2.3\bin
01-Nov-2024 16:44:29.842 INFO [main] org.apache.catalina.startup.VersionLoggerListener.log Command line argument: -Dfile.encoding=UTF-8
01-Nov-2024 16:44:29.842 INFO [main] org.apache.catalina.startup.VersionLoggerListener.log Command line argument: -Dsun.stdout.encoding=UTF-8
01-Nov-2024 16:44:29.842 INFO [main] org.apache.catalina.startup.VersionLoggerListener.log Command line argument: -Dsun.stderr.encoding=UTF-8
01-Nov-2024 16:44:29.842 INFO [main] org.apache.catalina.core.AprLifecycleListener.lifecycleEvent The Apache Tomcat Native library which allows using OpenSSL was not found on the java.library.path: [C:\Program Files\Java\jdk-22\bin;C:\WINDOWS\Sun\Java\bin;C:\WINDOWS\system32;C:\WINDOWS;C:\Program Files\Common Files\Oracle\Java\javapath;C:\Windows\system32;C:\Windows;C:\Windows\System32\Wbem;C:\Windows\System32\WindowsPowerShell\v1.0\;C:\Windows\System32\OpenSSH\;C:\Program Files (x86)\NVIDIA Corporation\PhysX\Common;C:\Program Files\NVIDIA Corporation\NVIDIA NvDLISR;C:\WINDOWS\system32;C:\WINDOWS;C:\WINDOWS\System32\Wbem;C:\WINDOWS\System32\WindowsPowerShell\v1.0\;C:\WINDOWS\System32\OpenSSH\;C:\Program Files (x86)\Microsoft SQL Server\160\DTS\Binn\;D:\git\Git\cmd;C:\Program Files\nodejs\;C:\Users\ADMIN\Downloads\ffmpeg-7.0.1\ffmpeg-7.0.1;C:\Program Files\Docker\Docker\resources\bin\%JAVA_HOME%\bin;C:\Program Files\Azure Data Studio\bin;C:\Users\ADMIN\scoop\shims;C:\Users\ADMIN\AppData\Local\Programs\Python\Python311\Scripts\;C:\Users\ADMIN\AppData\Local\Programs\Python\Python311\;C:\Windows\system32;C:\Windows;C:\Windows\System32\Wbem;C:\Windows\System32\WindowsPowerShell\v1.0\;C:\Windows\System32\OpenSSH\;C:\Program Files (x86)\NVIDIA Corporation\PhysX\Common;C:\Program Files\NVIDIA Corporation\NVIDIA NvDLISR;C:\Users\ADMIN\AppData\Local\Programs\Python\Python38\Scripts\;C:\Users\ADMIN\AppData\Local\Programs\Python\Python38\;C:\Users\ADMIN\AppData\Local\Microsoft\WindowsApps;C:\Python39\Scripts;C:\Python38\Scripts;C:\Users\ADMIN\AppData\Local\Microsoft\WindowsApps;C:\Program Files\Azure Data Studio\bin;C:\Users\ADMIN\AppData\Local\Programs\Microsoft VS Code\bin;%PyCharm Community Edition%;C:\Users\ADMIN\AppData\Roaming\npm;C:\Program Files\nodejs;C:\Program Files\Azure Data Studio\bin;C:\Program Files\Java\jdk-22\bin;;C:\Program Files\Azure Data Studio\bin;.]
01-Nov-2024 16:44:29.886 INFO [main] org.apache.coyote.AbstractProtocol.init Initializing ProtocolHandler ["http-nio-8080"]
01-Nov-2024 16:44:29.909 INFO [main] org.apache.catalina.startup.Catalina.load Initialization processed in 559 ms
01-Nov-2024 16:44:29.951 INFO [main] org.apache.catalina.core.StandardService.startInternal Starting service [Catalina]
01-Nov-2024 16:44:29.952 INFO [main] org.apache.catalina.core.StandardEngine.startInternal Starting Servlet engine: [Apache Tomcat/8.5.96]
01-Nov-2024 16:44:29.964 INFO [localhost-startStop-1] org.apache.catalina.startup.HostConfig.deployDescriptor Deploying deployment descriptor [C:\Users\ADMIN\OneDrive\Máy tính\project\WEB_QLTT_IELTS\.smarttomcat\conf\Catalina\localhost\WEB_QLTT_IELTS.xml]
01-Nov-2024 16:44:31.005 INFO [localhost-startStop-1] org.apache.jasper.servlet.TldScanner.scanJars At least one JAR was scanned for TLDs yet contained no TLDs. Enable debug logging for this logger for a complete list of JARs that were scanned but no TLDs were found in them. Skipping unneeded JARs during scanning can improve startup time and JSP compilation time.
01-Nov-2024 16:44:31.063 INFO [localhost-startStop-1] org.apache.catalina.startup.HostConfig.deployDescriptor Deployment of deployment descriptor [C:\Users\ADMIN\OneDrive\Máy tính\project\WEB_QLTT_IELTS\.smarttomcat\conf\Catalina\localhost\WEB_QLTT_IELTS.xml] has finished in [1,100] ms
01-Nov-2024 16:44:31.066 INFO [main] org.apache.coyote.AbstractProtocol.start Starting ProtocolHandler ["http-nio-8080"]
01-Nov-2024 16:44:31.082 INFO [main] org.apache.catalina.startup.Catalina.start Server startup in 1172 ms
01-Nov-2024 16:45:03.565 INFO [Thread-1] org.apache.coyote.AbstractProtocol.pause Pausing ProtocolHandler ["http-nio-8080"]
01-Nov-2024 16:45:03.565 INFO [Thread-1] org.apache.catalina.core.StandardService.stopInternal Stopping service [Catalina]
01-Nov-2024 16:45:03.565 WARNING [localhost-startStop-2] org.apache.catalina.loader.WebappClassLoaderBase.clearReferencesJdbc The web application [WEB_QLTT_IELTS] registered the JDBC driver [com.mysql.cj.jdbc.Driver] but failed to unregister it when the web application was stopped. To prevent a memory leak, the JDBC Driver has been forcibly unregistered.
01-Nov-2024 16:45:03.565 WARNING [localhost-startStop-2] org.apache.catalina.loader.WebappClassLoaderBase.clearReferencesThreads The web application [WEB_QLTT_IELTS] appears to have started a thread named [mysql-cj-abandoned-connection-cleanup] but has failed to stop it. This is very likely to create a memory leak. Stack trace of thread:
 java.base/jdk.internal.misc.Unsafe.park(Native Method)
 java.base/java.util.concurrent.locks.LockSupport.parkNanos(LockSupport.java:269)
 java.base/java.util.concurrent.locks.AbstractQueuedSynchronizer$ConditionObject.await(AbstractQueuedSynchronizer.java:1847)
 java.base/java.lang.ref.ReferenceQueue.await(ReferenceQueue.java:71)
 java.base/java.lang.ref.ReferenceQueue.remove0(ReferenceQueue.java:143)
 java.base/java.lang.ref.ReferenceQueue.remove(ReferenceQueue.java:218)
 com.mysql.cj.jdbc.AbandonedConnectionCleanupThread.run(AbandonedConnectionCleanupThread.java:84)
 java.base/java.util.concurrent.ThreadPoolExecutor.runWorker(ThreadPoolExecutor.java:1144)
 java.base/java.util.concurrent.ThreadPoolExecutor$Worker.run(ThreadPoolExecutor.java:642)
 java.base/java.lang.Thread.run(Thread.java:1570)
01-Nov-2024 16:45:03.580 INFO [Thread-1] org.apache.coyote.AbstractProtocol.stop Stopping ProtocolHandler ["http-nio-8080"]
01-Nov-2024 16:45:03.596 INFO [Thread-1] org.apache.coyote.AbstractProtocol.destroy Destroying ProtocolHandler ["http-nio-8080"]
