28-Oct-2024 17:43:14.621 SEVERE [http-nio-8080-exec-2] org.apache.catalina.session.StandardSession.tellNew Session event listener threw exception
	java.lang.AbstractMethodError: Receiver class controller.SessionListenerServlet does not define or inherit an implementation of the resolved method 'abstract void sessionCreated(javax.servlet.http.HttpSessionEvent)' of interface javax.servlet.http.HttpSessionListener.
		at org.apache.catalina.session.StandardSession.tellNew(StandardSession.java:371)
		at org.apache.catalina.session.StandardSession.setId(StandardSession.java:346)
		at org.apache.catalina.session.StandardSession.setId(StandardSession.java:328)
		at org.apache.catalina.session.ManagerBase.createSession(ManagerBase.java:691)
		at org.apache.catalina.connector.Request.doGetSession(Request.java:3014)
		at org.apache.catalina.connector.Request.getSession(Request.java:2410)
		at org.apache.catalina.connector.RequestFacade.getSession(RequestFacade.java:643)
		at org.apache.catalina.connector.RequestFacade.getSession(RequestFacade.java:649)
		at org.apache.jasper.runtime.PageContextImpl.initialize(PageContextImpl.java:134)
		at org.apache.jasper.runtime.JspFactoryImpl.internalGetPageContext(JspFactoryImpl.java:109)
		at org.apache.jasper.runtime.JspFactoryImpl.getPageContext(JspFactoryImpl.java:59)
		at org.apache.jsp.index_jsp._jspService(index_jsp.java:106)
		at org.apache.jasper.runtime.HttpJspBase.service(HttpJspBase.java:70)
		at javax.servlet.http.HttpServlet.service(HttpServlet.java:583)
		at org.apache.jasper.servlet.JspServletWrapper.service(JspServletWrapper.java:465)
		at org.apache.jasper.servlet.JspServlet.serviceJspFile(JspServlet.java:383)
		at org.apache.jasper.servlet.JspServlet.service(JspServlet.java:331)
		at javax.servlet.http.HttpServlet.service(HttpServlet.java:583)
		at org.apache.catalina.core.ApplicationFilterChain.internalDoFilter(ApplicationFilterChain.java:212)
		at org.apache.catalina.core.ApplicationFilterChain.doFilter(ApplicationFilterChain.java:156)
		at org.apache.tomcat.websocket.server.WsFilter.doFilter(WsFilter.java:51)
		at org.apache.catalina.core.ApplicationFilterChain.internalDoFilter(ApplicationFilterChain.java:181)
		at org.apache.catalina.core.ApplicationFilterChain.doFilter(ApplicationFilterChain.java:156)
		at org.apache.catalina.core.StandardWrapperValve.invoke(StandardWrapperValve.java:168)
		at org.apache.catalina.core.StandardContextValve.invoke(StandardContextValve.java:90)
		at org.apache.catalina.authenticator.AuthenticatorBase.invoke(AuthenticatorBase.java:483)
		at org.apache.catalina.core.StandardHostValve.invoke(StandardHostValve.java:130)
		at org.apache.catalina.valves.ErrorReportValve.invoke(ErrorReportValve.java:93)
		at org.apache.catalina.valves.AbstractAccessLogValve.invoke(AbstractAccessLogValve.java:679)
		at org.apache.catalina.core.StandardEngineValve.invoke(StandardEngineValve.java:74)
		at org.apache.catalina.connector.CoyoteAdapter.service(CoyoteAdapter.java:342)
		at org.apache.coyote.http11.Http11Processor.service(Http11Processor.java:617)
		at org.apache.coyote.AbstractProcessorLight.process(AbstractProcessorLight.java:63)
		at org.apache.coyote.AbstractProtocol$ConnectionHandler.process(AbstractProtocol.java:934)
		at org.apache.tomcat.util.net.NioEndpoint$SocketProcessor.doRun(NioEndpoint.java:1698)
		at org.apache.tomcat.util.net.SocketProcessorBase.run(SocketProcessorBase.java:52)
		at org.apache.tomcat.util.threads.ThreadPoolExecutor.runWorker(ThreadPoolExecutor.java:1191)
		at org.apache.tomcat.util.threads.ThreadPoolExecutor$Worker.run(ThreadPoolExecutor.java:659)
		at org.apache.tomcat.util.threads.TaskThread$WrappingRunnable.run(TaskThread.java:61)
		at java.base/java.lang.Thread.run(Thread.java:1570)
28-Oct-2024 17:45:23.429 SEVERE [http-nio-8080-exec-9] org.apache.catalina.session.StandardSession.tellNew Session event listener threw exception
	java.lang.AbstractMethodError: Receiver class controller.SessionListenerServlet does not define or inherit an implementation of the resolved method 'abstract void sessionCreated(javax.servlet.http.HttpSessionEvent)' of interface javax.servlet.http.HttpSessionListener.
		at org.apache.catalina.session.StandardSession.tellNew(StandardSession.java:371)
		at org.apache.catalina.session.StandardSession.setId(StandardSession.java:346)
		at org.apache.catalina.session.StandardSession.setId(StandardSession.java:328)
		at org.apache.catalina.session.ManagerBase.createSession(ManagerBase.java:691)
		at org.apache.catalina.connector.Request.doGetSession(Request.java:3014)
		at org.apache.catalina.connector.Request.getSession(Request.java:2410)
		at org.apache.catalina.connector.RequestFacade.getSession(RequestFacade.java:643)
		at org.apache.catalina.connector.RequestFacade.getSession(RequestFacade.java:649)
		at org.apache.jasper.runtime.PageContextImpl.initialize(PageContextImpl.java:134)
		at org.apache.jasper.runtime.JspFactoryImpl.internalGetPageContext(JspFactoryImpl.java:109)
		at org.apache.jasper.runtime.JspFactoryImpl.getPageContext(JspFactoryImpl.java:59)
		at org.apache.jsp.index_jsp._jspService(index_jsp.java:106)
		at org.apache.jasper.runtime.HttpJspBase.service(HttpJspBase.java:70)
		at javax.servlet.http.HttpServlet.service(HttpServlet.java:583)
		at org.apache.jasper.servlet.JspServletWrapper.service(JspServletWrapper.java:465)
		at org.apache.jasper.servlet.JspServlet.serviceJspFile(JspServlet.java:383)
		at org.apache.jasper.servlet.JspServlet.service(JspServlet.java:331)
		at javax.servlet.http.HttpServlet.service(HttpServlet.java:583)
		at org.apache.catalina.core.ApplicationFilterChain.internalDoFilter(ApplicationFilterChain.java:212)
		at org.apache.catalina.core.ApplicationFilterChain.doFilter(ApplicationFilterChain.java:156)
		at org.apache.tomcat.websocket.server.WsFilter.doFilter(WsFilter.java:51)
		at org.apache.catalina.core.ApplicationFilterChain.internalDoFilter(ApplicationFilterChain.java:181)
		at org.apache.catalina.core.ApplicationFilterChain.doFilter(ApplicationFilterChain.java:156)
		at org.apache.catalina.core.StandardWrapperValve.invoke(StandardWrapperValve.java:168)
		at org.apache.catalina.core.StandardContextValve.invoke(StandardContextValve.java:90)
		at org.apache.catalina.authenticator.AuthenticatorBase.invoke(AuthenticatorBase.java:483)
		at org.apache.catalina.core.StandardHostValve.invoke(StandardHostValve.java:130)
		at org.apache.catalina.valves.ErrorReportValve.invoke(ErrorReportValve.java:93)
		at org.apache.catalina.valves.AbstractAccessLogValve.invoke(AbstractAccessLogValve.java:679)
		at org.apache.catalina.core.StandardEngineValve.invoke(StandardEngineValve.java:74)
		at org.apache.catalina.connector.CoyoteAdapter.service(CoyoteAdapter.java:342)
		at org.apache.coyote.http11.Http11Processor.service(Http11Processor.java:617)
		at org.apache.coyote.AbstractProcessorLight.process(AbstractProcessorLight.java:63)
		at org.apache.coyote.AbstractProtocol$ConnectionHandler.process(AbstractProtocol.java:934)
		at org.apache.tomcat.util.net.NioEndpoint$SocketProcessor.doRun(NioEndpoint.java:1698)
		at org.apache.tomcat.util.net.SocketProcessorBase.run(SocketProcessorBase.java:52)
		at org.apache.tomcat.util.threads.ThreadPoolExecutor.runWorker(ThreadPoolExecutor.java:1191)
		at org.apache.tomcat.util.threads.ThreadPoolExecutor$Worker.run(ThreadPoolExecutor.java:659)
		at org.apache.tomcat.util.threads.TaskThread$WrappingRunnable.run(TaskThread.java:61)
		at java.base/java.lang.Thread.run(Thread.java:1570)
